<?xml version="1.0" encoding="UTF-8"?>
<!-- Generated by org.testng.reporters.JUnitReportReporter -->
<testsuite hostname="yangxiaobin" name="cn.test.framework.tests.UITest" tests="1" failures="0" timestamp="15 Sep 2017 07:10:36 GMT" time="4.956" errors="0">
  <testcase name="testLoginPage" time="4.956" classname="cn.test.framework.tests.UITest"/>
</testsuite> <!-- cn.test.framework.tests.UITest -->
