<?xml version="1.0" encoding="UTF-8"?>
<!-- Generated by org.testng.reporters.JUnitReportReporter -->
<testsuite hostname="yangxiaobin" name="cn.yxb.maven.maventest.InterfaceTest" tests="2" failures="2" timestamp="16 Aug 2017 07:46:13 GMT" time="3.456" errors="0">
  <testcase name="test_image_rec" time="1.231" classname="cn.yxb.maven.maventest.InterfaceTest">
    <failure type="java.lang.Throwable">
      <![CDATA[java.lang.Throwable
	at message : expected [北京市崇文区安化北里1号长保大厦] but found [北京市崇文区安化北里1号笋保大厦] in method : .test_image_rec(InterfaceTest:64)
	at cn.yxb.maven.maventest.InterfaceTest.test_image_rec(InterfaceTest.java:64)
	at message : expected [2008-07-10] but found [] in method : .test_image_rec(InterfaceTest:77)
	at cn.yxb.maven.maventest.InterfaceTest.test_image_rec(InterfaceTest.java:77)
]]>
    </failure>
  </testcase> <!-- test_image_rec -->
  <testcase name="test_image_rec" time="2.225" classname="cn.yxb.maven.maventest.InterfaceTest">
    <failure type="java.lang.Throwable">
      <![CDATA[java.lang.Throwable
	at message : expected [北京市崇文区安化北里1号长保大厦123] but found [北京市崇文区安化北里1号笋保大厦] in method : .test_image_rec(InterfaceTest:64)
	at cn.yxb.maven.maventest.InterfaceTest.test_image_rec(InterfaceTest.java:64)
	at message : expected [2008-07-10] but found [] in method : .test_image_rec(InterfaceTest:77)
	at cn.yxb.maven.maventest.InterfaceTest.test_image_rec(InterfaceTest.java:77)
]]>
    </failure>
  </testcase> <!-- test_image_rec -->
</testsuite> <!-- cn.yxb.maven.maventest.InterfaceTest -->
