<?xml version="1.0" encoding="UTF-8"?>
<!-- Generated by org.testng.reporters.JUnitReportReporter -->
<testsuite hostname="ZGC-20150602PUQ" name="cn.yxb.maven.maventest.MybatisTest" tests="1" failures="0" timestamp="3 Apr 2016 11:17:52 GMT" time="0.355" errors="0">
  <testcase name="testInsert" time="0.355" classname="cn.yxb.maven.maventest.MybatisTest"/>
</testsuite> <!-- cn.yxb.maven.maventest.MybatisTest -->
