<?xml version="1.0" encoding="UTF-8"?>
<!-- Generated by org.testng.reporters.JUnitReportReporter -->
<testsuite hostname="yangxiaobin" name="cn.yxb.maven.maventest.SeleniumTest" tests="1" failures="0" timestamp="25 Aug 2017 09:47:59 GMT" time="13.943" errors="0">
  <testcase name="test1" time="13.943" classname="cn.yxb.maven.maventest.SeleniumTest"/>
</testsuite> <!-- cn.yxb.maven.maventest.SeleniumTest -->
