<?xml version="1.0" encoding="UTF-8"?>
<!-- Generated by org.testng.reporters.JUnitReportReporter -->
<testsuite hostname="bblink-home-PC" name="cn.bblink.interfacetest.BIInterfaceTest" tests="1" failures="0" timestamp="8 Jun 2017 03:54:49 GMT" time="1.148" errors="0">
  <testcase name="test" time="1.148" classname="cn.bblink.interfacetest.BIInterfaceTest"/>
</testsuite> <!-- cn.bblink.interfacetest.BIInterfaceTest -->
