<?xml version="1.0" encoding="UTF-8"?>
<!-- Generated by org.testng.reporters.JUnitReportReporter -->
<testsuite hostname="LAPTOP-AQ50KAH1" name="cn.test.framework.tests.BakeTest" tests="1" failures="0" timestamp="23 Apr 2018 10:22:57 GMT" time="1.872" errors="0">
  <testcase name="contractUpload" time="1.872" classname="cn.test.framework.tests.BakeTest"/>
</testsuite> <!-- cn.test.framework.tests.BakeTest -->
