<?xml version="1.0" encoding="UTF-8"?>
<!-- Generated by org.testng.reporters.JUnitReportReporter -->
<testsuite hostname="yangxiaobin" name="com.test.framework.utils.MockDemo" tests="1" failures="1" timestamp="13 Sep 2017 07:32:05 GMT" time="0.026" errors="0">
  <testcase name="test" time="0.026" classname="com.test.framework.utils.MockDemo">
    <failure type="org.powermock.api.mockito.ClassNotPreparedException" message="
The class com.test.framework.utils.HttpUtil not prepared for test.
To prepare this class, add class to the &#039;@PrepareForTest&#039; annotation.
In case if you don&#039;t use this annotation, add the annotation on class or  method level. 
">
      <![CDATA[org.powermock.api.mockito.ClassNotPreparedException: 
The class com.test.framework.utils.HttpUtil not prepared for test.
To prepare this class, add class to the '@PrepareForTest' annotation.
In case if you don't use this annotation, add the annotation on class or  method level. 

	at org.powermock.api.mockito.expectation.reporter.MockitoPowerMockReporter.classNotPrepared(MockitoPowerMockReporter.java:31)
	at org.powermock.api.mockito.internal.mockcreation.MockTypeValidatorFactory$DefaultMockTypeValidator.validate(MockTypeValidatorFactory.java:38)
	at org.powermock.api.mockito.internal.mockcreation.AbstractMockCreator.validateType(AbstractMockCreator.java:18)
	at org.powermock.api.mockito.internal.mockcreation.MockCreator.createMock(MockCreator.java:57)
	at org.powermock.api.mockito.internal.mockcreation.MockCreator.mock(MockCreator.java:47)
	at org.powermock.api.mockito.PowerMockito.mockStatic(PowerMockito.java:71)
	at com.test.framework.utils.MockDemo.test(MockDemo.java:19)
	at sun.reflect.NativeMethodAccessorImpl.invoke0(Native Method)
	at sun.reflect.NativeMethodAccessorImpl.invoke(NativeMethodAccessorImpl.java:62)
	at sun.reflect.DelegatingMethodAccessorImpl.invoke(DelegatingMethodAccessorImpl.java:43)
	at java.lang.reflect.Method.invoke(Method.java:498)
	at org.testng.internal.MethodInvocationHelper.invokeMethod(MethodInvocationHelper.java:84)
	at org.testng.internal.Invoker.invokeMethod(Invoker.java:714)
	at org.testng.internal.Invoker.invokeTestMethod(Invoker.java:901)
	at org.testng.internal.Invoker.invokeTestMethods(Invoker.java:1231)
	at org.testng.internal.TestMethodWorker.invokeTestMethods(TestMethodWorker.java:127)
	at org.testng.internal.TestMethodWorker.run(TestMethodWorker.java:111)
	at org.testng.TestRunner.privateRun(TestRunner.java:767)
	at org.testng.TestRunner.run(TestRunner.java:617)
	at org.testng.SuiteRunner.runTest(SuiteRunner.java:335)
	at org.testng.SuiteRunner.runSequentially(SuiteRunner.java:330)
	at org.testng.SuiteRunner.privateRun(SuiteRunner.java:291)
	at org.testng.SuiteRunner.run(SuiteRunner.java:240)
	at org.testng.SuiteRunnerWorker.runSuite(SuiteRunnerWorker.java:52)
	at org.testng.SuiteRunnerWorker.run(SuiteRunnerWorker.java:86)
	at org.testng.TestNG.runSuitesSequentially(TestNG.java:1224)
	at org.testng.TestNG.runSuitesLocally(TestNG.java:1149)
	at org.testng.TestNG.run(TestNG.java:1057)
	at org.testng.remote.RemoteTestNG.run(RemoteTestNG.java:111)
	at org.testng.remote.RemoteTestNG.initAndRun(RemoteTestNG.java:204)
	at org.testng.remote.RemoteTestNG.main(RemoteTestNG.java:175)
]]>
    </failure>
  </testcase> <!-- test -->
</testsuite> <!-- com.test.framework.utils.MockDemo -->
